<?xml version="1.0" encoding="UTF-8"?><testsuite errors="0" failures="0" name="com.dimaTestJunit.features.search.SearchByKeywordStory" skipped="3" tests="4" time="12.29" timestamp="2017-01-13 06:44:14"><testcase classname="com.dimaTestJunit.features.search.SearchByKeywordStory" name="Search for auto test info"/><testcase classname="com.dimaTestJunit.features.search.SearchByKeywordStory" name="Searching by keyword banana should display the corresponding article"><skipped/></testcase><testcase classname="com.dimaTestJunit.features.search.SearchByKeywordStory" name="Searching by ambiguious keyword should display the disambiguation page"><skipped/></testcase><testcase classname="com.dimaTestJunit.features.search.SearchByKeywordStory" name="Searching by keyword apple should display the corresponding article"><skipped/></testcase></testsuite>